2017-06-11 10:08:26,719 [NodeService-SourceLoader1] ERROR com.dtolabs.rundeck.core.resources.ExceptionCatchingResourceModelSource - [ResourceModelSource: 2.source (Ansible Resource Model Source), project: AnsibleProject] 
com.dtolabs.rundeck.core.resources.ResourceModelSourceException: Could not read privatekey file /Users/mgn/.ssh
	at com.batix.rundeck.plugins.AnsibleResourceModelSource.buildAnsibleRunner(AnsibleResourceModelSource.java:144)
	at com.batix.rundeck.plugins.AnsibleResourceModelSource.getNodes(AnsibleResourceModelSource.java:208)
	at com.dtolabs.rundeck.core.resources.ExceptionCatchingResourceModelSource.getNodes(ExceptionCatchingResourceModelSource.java:57)
	at com.dtolabs.rundeck.core.common.ProjectNodeSupport.getNodeSet(ProjectNodeSupport.java:108)
	at com.dtolabs.rundeck.core.common.ProjectNodeSupport$ProjectNodesSource.getNodes(ProjectNodeSupport.java:308)
	at com.dtolabs.rundeck.core.resources.ExceptionCatchingResourceModelSource.getNodes(ExceptionCatchingResourceModelSource.java:57)
	at com.dtolabs.rundeck.core.resources.ResourceModelSource$getNodes.call(Unknown Source)
	at org.codehaus.groovy.runtime.callsite.CallSiteArray.defaultCall(CallSiteArray.java:45)
	at org.codehaus.groovy.runtime.callsite.AbstractCallSite.call(AbstractCallSite.java:108)
	at org.codehaus.groovy.runtime.callsite.AbstractCallSite.call(AbstractCallSite.java:112)
	at rundeck.services.nodes.CachedProjectNodes.reloadNodeSet(CachedProjectNodes.groovy:42)
	at rundeck.services.nodes.CachedProjectNodes$reloadNodeSet.call(Unknown Source)
	at org.codehaus.groovy.runtime.callsite.CallSiteArray.defaultCall(CallSiteArray.java:45)
	at org.codehaus.groovy.runtime.callsite.AbstractCallSite.call(AbstractCallSite.java:108)
	at org.codehaus.groovy.runtime.callsite.AbstractCallSite.call(AbstractCallSite.java:112)
	at rundeck.services.NodeService$_loadNodes_closure3.doCall(NodeService.groovy:248)
	at rundeck.services.NodeService$_loadNodes_closure3.doCall(NodeService.groovy)
	at sun.reflect.NativeMethodAccessorImpl.invoke0(Native Method)
	at sun.reflect.NativeMethodAccessorImpl.invoke(NativeMethodAccessorImpl.java:62)
	at sun.reflect.DelegatingMethodAccessorImpl.invoke(DelegatingMethodAccessorImpl.java:43)
	at java.lang.reflect.Method.invoke(Method.java:498)
	at org.codehaus.groovy.reflection.CachedMethod.invoke(CachedMethod.java:90)
	at groovy.lang.MetaMethod.doMethodInvoke(MetaMethod.java:324)
	at groovy.lang.MetaClassImpl.invokeMethod(MetaClassImpl.java:1207)
	at groovy.lang.ExpandoMetaClass.invokeMethod(ExpandoMetaClass.java:1110)
	at groovy.lang.MetaClassImpl.invokeMethod(MetaClassImpl.java:1016)
	at groovy.lang.Closure.call(Closure.java:423)
	at groovy.lang.Closure.call(Closure.java:417)
	at com.codahale.metrics.Timer.time(Timer.java:99)
	at com.codahale.metrics.Timer$time$0.call(Unknown Source)
	at org.codehaus.groovy.runtime.callsite.CallSiteArray.defaultCall(CallSiteArray.java:45)
	at com.codahale.metrics.Timer$time$0.call(Unknown Source)
	at MetricswebGrailsPlugin$_addDynamicMetricMethods_closure26.doCall(MetricswebGrailsPlugin.groovy:190)
	at sun.reflect.GeneratedMethodAccessor343.invoke(Unknown Source)
	at sun.reflect.DelegatingMethodAccessorImpl.invoke(DelegatingMethodAccessorImpl.java:43)
	at java.lang.reflect.Method.invoke(Method.java:498)
	at org.codehaus.groovy.reflection.CachedMethod.invoke(CachedMethod.java:90)
	at groovy.lang.MetaMethod.doMethodInvoke(MetaMethod.java:324)
	at groovy.lang.MetaClassImpl.invokeMethod(MetaClassImpl.java:1207)
	at groovy.lang.ExpandoMetaClass.invokeMethod(ExpandoMetaClass.java:1110)
	at groovy.lang.MetaClassImpl.invokeMethod(MetaClassImpl.java:1016)
	at groovy.lang.Closure.call(Closure.java:423)
	at org.codehaus.groovy.runtime.metaclass.ClosureStaticMetaMethod.invoke(ClosureStaticMetaMethod.java:59)
	at groovy.lang.MetaMethod.doMethodInvoke(MetaMethod.java:324)
	at org.codehaus.groovy.runtime.callsite.PogoMetaMethodSite$PogoMetaMethodSiteNoUnwrap.invoke(PogoMetaMethodSite.java:230)
	at org.codehaus.groovy.runtime.callsite.PogoMetaMethodSite.call(PogoMetaMethodSite.java:68)
	at org.codehaus.groovy.runtime.callsite.CallSiteArray.defaultCall(CallSiteArray.java:45)
	at org.codehaus.groovy.runtime.callsite.AbstractCallSite.call(AbstractCallSite.java:108)
	at org.codehaus.groovy.runtime.callsite.AbstractCallSite.call(AbstractCallSite.java:124)
	at org.codehaus.groovy.runtime.callsite.AbstractCallSite.callSafe(AbstractCallSite.java:96)
	at rundeck.services.NodeService$_loadNodes_closure4.doCall(NodeService.groovy:255)
	at rundeck.services.NodeService$_loadNodes_closure4.doCall(NodeService.groovy)
	at sun.reflect.NativeMethodAccessorImpl.invoke0(Native Method)
	at sun.reflect.NativeMethodAccessorImpl.invoke(NativeMethodAccessorImpl.java:62)
	at sun.reflect.DelegatingMethodAccessorImpl.invoke(DelegatingMethodAccessorImpl.java:43)
	at java.lang.reflect.Method.invoke(Method.java:498)
	at org.codehaus.groovy.reflection.CachedMethod.invoke(CachedMethod.java:90)
	at groovy.lang.MetaMethod.doMethodInvoke(MetaMethod.java:324)
	at groovy.lang.MetaClassImpl.invokeMethod(MetaClassImpl.java:1207)
	at groovy.lang.ExpandoMetaClass.invokeMethod(ExpandoMetaClass.java:1110)
	at groovy.lang.MetaClassImpl.invokeMethod(MetaClassImpl.java:1016)
	at groovy.lang.Closure.call(Closure.java:423)
	at groovy.lang.Closure.call(Closure.java:417)
	at groovy.lang.Closure.run(Closure.java:504)
	at org.springframework.core.task.SimpleAsyncTaskExecutor$ConcurrencyThrottlingRunnable.run(SimpleAsyncTaskExecutor.java:251)
	at java.lang.Thread.run(Thread.java:745)
Caused by: java.io.IOException: Is a directory
	at sun.nio.ch.FileDispatcherImpl.read0(Native Method)
	at sun.nio.ch.FileDispatcherImpl.read(FileDispatcherImpl.java:46)
	at sun.nio.ch.IOUtil.readIntoNativeBuffer(IOUtil.java:223)
	at sun.nio.ch.IOUtil.read(IOUtil.java:197)
	at sun.nio.ch.FileChannelImpl.read(FileChannelImpl.java:159)
	at sun.nio.ch.ChannelInputStream.read(ChannelInputStream.java:65)
	at sun.nio.ch.ChannelInputStream.read(ChannelInputStream.java:109)
	at sun.nio.ch.ChannelInputStream.read(ChannelInputStream.java:103)
	at java.nio.file.Files.read(Files.java:3105)
	at java.nio.file.Files.readAllBytes(Files.java:3158)
	at com.batix.rundeck.plugins.AnsibleResourceModelSource.buildAnsibleRunner(AnsibleResourceModelSource.java:142)
	... 65 more
2017-06-11 10:08:26,732 [NodeService-SourceLoader1] WARN  com.dtolabs.rundeck.core.resources.LoggingResourceModelSourceCache - [ResourceModelSource: 2.source (Ansible Resource Model Source), project: AnsibleProject] Returning cached model data
2017-06-11 10:08:58,532 [NodeService-SourceLoader2] ERROR com.dtolabs.rundeck.core.resources.ExceptionCatchingResourceModelSource - [ResourceModelSource: 2.source (Ansible Resource Model Source), project: AnsibleProject] 
com.dtolabs.rundeck.core.resources.ResourceModelSourceException: Could not read privatekey file /Users/mgn/.ssh
	at com.batix.rundeck.plugins.AnsibleResourceModelSource.buildAnsibleRunner(AnsibleResourceModelSource.java:144)
	at com.batix.rundeck.plugins.AnsibleResourceModelSource.getNodes(AnsibleResourceModelSource.java:208)
	at com.dtolabs.rundeck.core.resources.ExceptionCatchingResourceModelSource.getNodes(ExceptionCatchingResourceModelSource.java:57)
	at com.dtolabs.rundeck.core.common.ProjectNodeSupport.getNodeSet(ProjectNodeSupport.java:108)
	at com.dtolabs.rundeck.core.common.ProjectNodeSupport$ProjectNodesSource.getNodes(ProjectNodeSupport.java:308)
	at com.dtolabs.rundeck.core.resources.ExceptionCatchingResourceModelSource.getNodes(ExceptionCatchingResourceModelSource.java:57)
	at com.dtolabs.rundeck.core.resources.ResourceModelSource$getNodes.call(Unknown Source)
	at rundeck.services.nodes.CachedProjectNodes.reloadNodeSet(CachedProjectNodes.groovy:42)
	at rundeck.services.nodes.CachedProjectNodes$reloadNodeSet.call(Unknown Source)
	at rundeck.services.NodeService$_loadNodes_closure3.doCall(NodeService.groovy:248)
	at rundeck.services.NodeService$_loadNodes_closure3.doCall(NodeService.groovy)
	at sun.reflect.NativeMethodAccessorImpl.invoke0(Native Method)
	at sun.reflect.NativeMethodAccessorImpl.invoke(NativeMethodAccessorImpl.java:62)
	at sun.reflect.DelegatingMethodAccessorImpl.invoke(DelegatingMethodAccessorImpl.java:43)
	at java.lang.reflect.Method.invoke(Method.java:498)
	at org.codehaus.groovy.reflection.CachedMethod.invoke(CachedMethod.java:90)
	at groovy.lang.MetaMethod.doMethodInvoke(MetaMethod.java:324)
	at groovy.lang.MetaClassImpl.invokeMethod(MetaClassImpl.java:1207)
	at groovy.lang.ExpandoMetaClass.invokeMethod(ExpandoMetaClass.java:1110)
	at groovy.lang.MetaClassImpl.invokeMethod(MetaClassImpl.java:1016)
	at groovy.lang.Closure.call(Closure.java:423)
	at groovy.lang.Closure.call(Closure.java:417)
	at com.codahale.metrics.Timer.time(Timer.java:99)
	at com.codahale.metrics.Timer$time$0.call(Unknown Source)
	at org.codehaus.groovy.runtime.callsite.CallSiteArray.defaultCall(CallSiteArray.java:45)
	at com.codahale.metrics.Timer$time$0.call(Unknown Source)
	at MetricswebGrailsPlugin$_addDynamicMetricMethods_closure26.doCall(MetricswebGrailsPlugin.groovy:190)
	at sun.reflect.GeneratedMethodAccessor343.invoke(Unknown Source)
	at sun.reflect.DelegatingMethodAccessorImpl.invoke(DelegatingMethodAccessorImpl.java:43)
	at java.lang.reflect.Method.invoke(Method.java:498)
	at org.codehaus.groovy.reflection.CachedMethod.invoke(CachedMethod.java:90)
	at groovy.lang.MetaMethod.doMethodInvoke(MetaMethod.java:324)
	at groovy.lang.MetaClassImpl.invokeMethod(MetaClassImpl.java:1207)
	at groovy.lang.ExpandoMetaClass.invokeMethod(ExpandoMetaClass.java:1110)
	at groovy.lang.MetaClassImpl.invokeMethod(MetaClassImpl.java:1016)
	at groovy.lang.Closure.call(Closure.java:423)
	at org.codehaus.groovy.runtime.metaclass.ClosureStaticMetaMethod.invoke(ClosureStaticMetaMethod.java:59)
	at groovy.lang.MetaMethod.doMethodInvoke(MetaMethod.java:324)
	at org.codehaus.groovy.runtime.callsite.PogoMetaMethodSite$PogoMetaMethodSiteNoUnwrap.invoke(PogoMetaMethodSite.java:230)
	at org.codehaus.groovy.runtime.callsite.PogoMetaMethodSite.call(PogoMetaMethodSite.java:68)
	at org.codehaus.groovy.runtime.callsite.CallSiteArray.defaultCall(CallSiteArray.java:45)
	at org.codehaus.groovy.runtime.callsite.AbstractCallSite.call(AbstractCallSite.java:108)
	at org.codehaus.groovy.runtime.callsite.AbstractCallSite.call(AbstractCallSite.java:124)
	at org.codehaus.groovy.runtime.callsite.AbstractCallSite.callSafe(AbstractCallSite.java:96)
	at rundeck.services.NodeService.loadNodes(NodeService.groovy:260)
	at sun.reflect.NativeMethodAccessorImpl.invoke0(Native Method)
	at sun.reflect.NativeMethodAccessorImpl.invoke(NativeMethodAccessorImpl.java:62)
	at sun.reflect.DelegatingMethodAccessorImpl.invoke(DelegatingMethodAccessorImpl.java:43)
	at java.lang.reflect.Method.invoke(Method.java:498)
	at org.codehaus.groovy.reflection.CachedMethod.invoke(CachedMethod.java:90)
	at groovy.lang.MetaMethod.doMethodInvoke(MetaMethod.java:324)
	at groovy.lang.MetaClassImpl.invokeMethod(MetaClassImpl.java:1207)
	at groovy.lang.ExpandoMetaClass.invokeMethod(ExpandoMetaClass.java:1110)
	at org.codehaus.groovy.runtime.ScriptBytecodeAdapter.invokeMethodOnCurrentN(ScriptBytecodeAdapter.java:80)
	at rundeck.services.NodeService.this$dist$invoke$1(NodeService.groovy)
	at rundeck.services.NodeService$2.methodMissing(NodeService.groovy)
	at sun.reflect.NativeMethodAccessorImpl.invoke0(Native Method)
	at sun.reflect.NativeMethodAccessorImpl.invoke(NativeMethodAccessorImpl.java:62)
	at sun.reflect.DelegatingMethodAccessorImpl.invoke(DelegatingMethodAccessorImpl.java:43)
	at java.lang.reflect.Method.invoke(Method.java:498)
	at org.codehaus.groovy.reflection.CachedMethod.invoke(CachedMethod.java:90)
	at groovy.lang.MetaClassImpl.invokeMissingMethod(MetaClassImpl.java:933)
	at groovy.lang.MetaClassImpl.invokePropertyOrMissing(MetaClassImpl.java:1256)
	at groovy.lang.MetaClassImpl.invokeMethod(MetaClassImpl.java:1209)
	at groovy.lang.ExpandoMetaClass.invokeMethod(ExpandoMetaClass.java:1110)
	at groovy.lang.MetaClassImpl.invokeMethod(MetaClassImpl.java:1016)
	at groovy.lang.MetaClassImpl.invokeMethod(MetaClassImpl.java:807)
	at rundeck.services.NodeService$2.invokeMethod(NodeService.groovy)
	at groovy.lang.MetaClassImpl.invokeMethodOnGroovyObject(MetaClassImpl.java:1272)
	at groovy.lang.MetaClassImpl.invokeMethod(MetaClassImpl.java:1166)
	at groovy.lang.ExpandoMetaClass.invokeMethod(ExpandoMetaClass.java:1110)
	at groovy.lang.MetaClassImpl.invokeMethod(MetaClassImpl.java:1016)
	at org.codehaus.groovy.runtime.callsite.PogoMetaClassSite.callCurrent(PogoMetaClassSite.java:66)
	at org.codehaus.groovy.runtime.callsite.CallSiteArray.defaultCallCurrent(CallSiteArray.java:49)
	at org.codehaus.groovy.runtime.callsite.AbstractCallSite.callCurrent(AbstractCallSite.java:133)
	at org.codehaus.groovy.runtime.callsite.AbstractCallSite.callCurrent(AbstractCallSite.java:145)
	at rundeck.services.NodeService$_2_reload_closure1.doCall(NodeService.groovy:112)
	at rundeck.services.NodeService$_2_reload_closure1.doCall(NodeService.groovy)
	at sun.reflect.NativeMethodAccessorImpl.invoke0(Native Method)
	at sun.reflect.NativeMethodAccessorImpl.invoke(NativeMethodAccessorImpl.java:62)
	at sun.reflect.DelegatingMethodAccessorImpl.invoke(DelegatingMethodAccessorImpl.java:43)
	at java.lang.reflect.Method.invoke(Method.java:498)
	at org.codehaus.groovy.reflection.CachedMethod.invoke(CachedMethod.java:90)
	at groovy.lang.MetaMethod.doMethodInvoke(MetaMethod.java:324)
	at groovy.lang.MetaClassImpl.invokeMethod(MetaClassImpl.java:1207)
	at groovy.lang.ExpandoMetaClass.invokeMethod(ExpandoMetaClass.java:1110)
	at groovy.lang.MetaClassImpl.invokeMethod(MetaClassImpl.java:1016)
	at groovy.lang.Closure.call(Closure.java:423)
	at groovy.lang.Closure.call(Closure.java:417)
	at java.util.concurrent.FutureTask.run(FutureTask.java:266)
	at org.springframework.core.task.SimpleAsyncTaskExecutor$ConcurrencyThrottlingRunnable.run(SimpleAsyncTaskExecutor.java:251)
	at java.lang.Thread.run(Thread.java:745)
Caused by: java.io.IOException: Is a directory
	at sun.nio.ch.FileDispatcherImpl.read0(Native Method)
	at sun.nio.ch.FileDispatcherImpl.read(FileDispatcherImpl.java:46)
	at sun.nio.ch.IOUtil.readIntoNativeBuffer(IOUtil.java:223)
	at sun.nio.ch.IOUtil.read(IOUtil.java:197)
	at sun.nio.ch.FileChannelImpl.read(FileChannelImpl.java:159)
	at sun.nio.ch.ChannelInputStream.read(ChannelInputStream.java:65)
	at sun.nio.ch.ChannelInputStream.read(ChannelInputStream.java:109)
	at sun.nio.ch.ChannelInputStream.read(ChannelInputStream.java:103)
	at java.nio.file.Files.read(Files.java:3105)
	at java.nio.file.Files.readAllBytes(Files.java:3158)
	at com.batix.rundeck.plugins.AnsibleResourceModelSource.buildAnsibleRunner(AnsibleResourceModelSource.java:142)
	... 91 more
2017-06-11 10:08:58,535 [NodeService-SourceLoader2] WARN  com.dtolabs.rundeck.core.resources.LoggingResourceModelSourceCache - [ResourceModelSource: 2.source (Ansible Resource Model Source), project: AnsibleProject] Returning cached model data
2017-06-11 10:09:30,378 [NodeService-SourceLoader3] ERROR com.dtolabs.rundeck.core.resources.ExceptionCatchingResourceModelSource - [ResourceModelSource: 2.source (Ansible Resource Model Source), project: AnsibleProject] 
com.dtolabs.rundeck.core.resources.ResourceModelSourceException: Could not read privatekey file /Users/mgn/.ssh
	at com.batix.rundeck.plugins.AnsibleResourceModelSource.buildAnsibleRunner(AnsibleResourceModelSource.java:144)
	at com.batix.rundeck.plugins.AnsibleResourceModelSource.getNodes(AnsibleResourceModelSource.java:208)
	at com.dtolabs.rundeck.core.resources.ExceptionCatchingResourceModelSource.getNodes(ExceptionCatchingResourceModelSource.java:57)
	at com.dtolabs.rundeck.core.common.ProjectNodeSupport.getNodeSet(ProjectNodeSupport.java:108)
	at com.dtolabs.rundeck.core.common.ProjectNodeSupport$ProjectNodesSource.getNodes(ProjectNodeSupport.java:308)
	at com.dtolabs.rundeck.core.resources.ExceptionCatchingResourceModelSource.getNodes(ExceptionCatchingResourceModelSource.java:57)
	at com.dtolabs.rundeck.core.resources.ResourceModelSource$getNodes.call(Unknown Source)
	at rundeck.services.nodes.CachedProjectNodes.reloadNodeSet(CachedProjectNodes.groovy:42)
	at rundeck.services.nodes.CachedProjectNodes$reloadNodeSet.call(Unknown Source)
	at rundeck.services.NodeService$_loadNodes_closure3.doCall(NodeService.groovy:248)
	at rundeck.services.NodeService$_loadNodes_closure3.doCall(NodeService.groovy)
	at sun.reflect.NativeMethodAccessorImpl.invoke0(Native Method)
	at sun.reflect.NativeMethodAccessorImpl.invoke(NativeMethodAccessorImpl.java:62)
	at sun.reflect.DelegatingMethodAccessorImpl.invoke(DelegatingMethodAccessorImpl.java:43)
	at java.lang.reflect.Method.invoke(Method.java:498)
	at org.codehaus.groovy.reflection.CachedMethod.invoke(CachedMethod.java:90)
	at groovy.lang.MetaMethod.doMethodInvoke(MetaMethod.java:324)
	at groovy.lang.MetaClassImpl.invokeMethod(MetaClassImpl.java:1207)
	at groovy.lang.ExpandoMetaClass.invokeMethod(ExpandoMetaClass.java:1110)
	at groovy.lang.MetaClassImpl.invokeMethod(MetaClassImpl.java:1016)
	at groovy.lang.Closure.call(Closure.java:423)
	at groovy.lang.Closure.call(Closure.java:417)
	at com.codahale.metrics.Timer.time(Timer.java:99)
	at com.codahale.metrics.Timer$time$0.call(Unknown Source)
	at org.codehaus.groovy.runtime.callsite.CallSiteArray.defaultCall(CallSiteArray.java:45)
	at com.codahale.metrics.Timer$time$0.call(Unknown Source)
	at MetricswebGrailsPlugin$_addDynamicMetricMethods_closure26.doCall(MetricswebGrailsPlugin.groovy:190)
	at sun.reflect.GeneratedMethodAccessor343.invoke(Unknown Source)
	at sun.reflect.DelegatingMethodAccessorImpl.invoke(DelegatingMethodAccessorImpl.java:43)
	at java.lang.reflect.Method.invoke(Method.java:498)
	at org.codehaus.groovy.reflection.CachedMethod.invoke(CachedMethod.java:90)
	at groovy.lang.MetaMethod.doMethodInvoke(MetaMethod.java:324)
	at groovy.lang.MetaClassImpl.invokeMethod(MetaClassImpl.java:1207)
	at groovy.lang.ExpandoMetaClass.invokeMethod(ExpandoMetaClass.java:1110)
	at groovy.lang.MetaClassImpl.invokeMethod(MetaClassImpl.java:1016)
	at groovy.lang.Closure.call(Closure.java:423)
	at org.codehaus.groovy.runtime.metaclass.ClosureStaticMetaMethod.invoke(ClosureStaticMetaMethod.java:59)
	at groovy.lang.MetaMethod.doMethodInvoke(MetaMethod.java:324)
	at org.codehaus.groovy.runtime.callsite.PogoMetaMethodSite$PogoMetaMethodSiteNoUnwrap.invoke(PogoMetaMethodSite.java:230)
	at org.codehaus.groovy.runtime.callsite.PogoMetaMethodSite.call(PogoMetaMethodSite.java:68)
	at org.codehaus.groovy.runtime.callsite.AbstractCallSite.call(AbstractCallSite.java:124)
	at org.codehaus.groovy.runtime.callsite.AbstractCallSite.callSafe(AbstractCallSite.java:96)
	at rundeck.services.NodeService.loadNodes(NodeService.groovy:260)
	at sun.reflect.NativeMethodAccessorImpl.invoke0(Native Method)
	at sun.reflect.NativeMethodAccessorImpl.invoke(NativeMethodAccessorImpl.java:62)
	at sun.reflect.DelegatingMethodAccessorImpl.invoke(DelegatingMethodAccessorImpl.java:43)
	at java.lang.reflect.Method.invoke(Method.java:498)
	at org.codehaus.groovy.reflection.CachedMethod.invoke(CachedMethod.java:90)
	at groovy.lang.MetaMethod.doMethodInvoke(MetaMethod.java:324)
	at groovy.lang.MetaClassImpl.invokeMethod(MetaClassImpl.java:1207)
	at groovy.lang.ExpandoMetaClass.invokeMethod(ExpandoMetaClass.java:1110)
	at org.codehaus.groovy.runtime.ScriptBytecodeAdapter.invokeMethodOnCurrentN(ScriptBytecodeAdapter.java:80)
	at rundeck.services.NodeService.this$dist$invoke$1(NodeService.groovy)
	at rundeck.services.NodeService$2.methodMissing(NodeService.groovy)
	at sun.reflect.NativeMethodAccessorImpl.invoke0(Native Method)
	at sun.reflect.NativeMethodAccessorImpl.invoke(NativeMethodAccessorImpl.java:62)
	at sun.reflect.DelegatingMethodAccessorImpl.invoke(DelegatingMethodAccessorImpl.java:43)
	at java.lang.reflect.Method.invoke(Method.java:498)
	at org.codehaus.groovy.reflection.CachedMethod.invoke(CachedMethod.java:90)
	at groovy.lang.MetaClassImpl.invokeMissingMethod(MetaClassImpl.java:933)
	at groovy.lang.MetaClassImpl.invokePropertyOrMissing(MetaClassImpl.java:1256)
	at groovy.lang.MetaClassImpl.invokeMethod(MetaClassImpl.java:1209)
	at groovy.lang.ExpandoMetaClass.invokeMethod(ExpandoMetaClass.java:1110)
	at groovy.lang.MetaClassImpl.invokeMethod(MetaClassImpl.java:1016)
	at groovy.lang.MetaClassImpl.invokeMethod(MetaClassImpl.java:807)
	at rundeck.services.NodeService$2.invokeMethod(NodeService.groovy)
	at groovy.lang.MetaClassImpl.invokeMethodOnGroovyObject(MetaClassImpl.java:1272)
	at groovy.lang.MetaClassImpl.invokeMethod(MetaClassImpl.java:1166)
	at groovy.lang.ExpandoMetaClass.invokeMethod(ExpandoMetaClass.java:1110)
	at groovy.lang.MetaClassImpl.invokeMethod(MetaClassImpl.java:1016)
	at org.codehaus.groovy.runtime.callsite.PogoMetaClassSite.callCurrent(PogoMetaClassSite.java:66)
	at org.codehaus.groovy.runtime.callsite.AbstractCallSite.callCurrent(AbstractCallSite.java:145)
	at rundeck.services.NodeService$_2_reload_closure1.doCall(NodeService.groovy:112)
	at rundeck.services.NodeService$_2_reload_closure1.doCall(NodeService.groovy)
	at sun.reflect.NativeMethodAccessorImpl.invoke0(Native Method)
	at sun.reflect.NativeMethodAccessorImpl.invoke(NativeMethodAccessorImpl.java:62)
	at sun.reflect.DelegatingMethodAccessorImpl.invoke(DelegatingMethodAccessorImpl.java:43)
	at java.lang.reflect.Method.invoke(Method.java:498)
	at org.codehaus.groovy.reflection.CachedMethod.invoke(CachedMethod.java:90)
	at groovy.lang.MetaMethod.doMethodInvoke(MetaMethod.java:324)
	at groovy.lang.MetaClassImpl.invokeMethod(MetaClassImpl.java:1207)
	at groovy.lang.ExpandoMetaClass.invokeMethod(ExpandoMetaClass.java:1110)
	at groovy.lang.MetaClassImpl.invokeMethod(MetaClassImpl.java:1016)
	at groovy.lang.Closure.call(Closure.java:423)
	at groovy.lang.Closure.call(Closure.java:417)
	at java.util.concurrent.FutureTask.run(FutureTask.java:266)
	at org.springframework.core.task.SimpleAsyncTaskExecutor$ConcurrencyThrottlingRunnable.run(SimpleAsyncTaskExecutor.java:251)
	at java.lang.Thread.run(Thread.java:745)
Caused by: java.io.IOException: Is a directory
	at sun.nio.ch.FileDispatcherImpl.read0(Native Method)
	at sun.nio.ch.FileDispatcherImpl.read(FileDispatcherImpl.java:46)
	at sun.nio.ch.IOUtil.readIntoNativeBuffer(IOUtil.java:223)
	at sun.nio.ch.IOUtil.read(IOUtil.java:197)
	at sun.nio.ch.FileChannelImpl.read(FileChannelImpl.java:159)
	at sun.nio.ch.ChannelInputStream.read(ChannelInputStream.java:65)
	at sun.nio.ch.ChannelInputStream.read(ChannelInputStream.java:109)
	at sun.nio.ch.ChannelInputStream.read(ChannelInputStream.java:103)
	at java.nio.file.Files.read(Files.java:3105)
	at java.nio.file.Files.readAllBytes(Files.java:3158)
	at com.batix.rundeck.plugins.AnsibleResourceModelSource.buildAnsibleRunner(AnsibleResourceModelSource.java:142)
	... 87 more
2017-06-11 10:09:30,380 [NodeService-SourceLoader3] WARN  com.dtolabs.rundeck.core.resources.LoggingResourceModelSourceCache - [ResourceModelSource: 2.source (Ansible Resource Model Source), project: AnsibleProject] Returning cached model data
2017-06-11 10:10:10,720 [NodeService-SourceLoader4] ERROR com.dtolabs.rundeck.core.resources.ExceptionCatchingResourceModelSource - [ResourceModelSource: 2.source (Ansible Resource Model Source), project: AnsibleProject] 
com.dtolabs.rundeck.core.resources.ResourceModelSourceException: Could not read privatekey file /Users/mgn/.ssh
	at com.batix.rundeck.plugins.AnsibleResourceModelSource.buildAnsibleRunner(AnsibleResourceModelSource.java:144)
	at com.batix.rundeck.plugins.AnsibleResourceModelSource.getNodes(AnsibleResourceModelSource.java:208)
	at com.dtolabs.rundeck.core.resources.ExceptionCatchingResourceModelSource.getNodes(ExceptionCatchingResourceModelSource.java:57)
	at com.dtolabs.rundeck.core.common.ProjectNodeSupport.getNodeSet(ProjectNodeSupport.java:108)
	at com.dtolabs.rundeck.core.common.ProjectNodeSupport$ProjectNodesSource.getNodes(ProjectNodeSupport.java:308)
	at com.dtolabs.rundeck.core.resources.ExceptionCatchingResourceModelSource.getNodes(ExceptionCatchingResourceModelSource.java:57)
	at com.dtolabs.rundeck.core.resources.ResourceModelSource$getNodes.call(Unknown Source)
	at rundeck.services.nodes.CachedProjectNodes.reloadNodeSet(CachedProjectNodes.groovy:42)
	at rundeck.services.nodes.CachedProjectNodes$reloadNodeSet.call(Unknown Source)
	at rundeck.services.NodeService$_loadNodes_closure3.doCall(NodeService.groovy:248)
	at rundeck.services.NodeService$_loadNodes_closure3.doCall(NodeService.groovy)
	at sun.reflect.NativeMethodAccessorImpl.invoke0(Native Method)
	at sun.reflect.NativeMethodAccessorImpl.invoke(NativeMethodAccessorImpl.java:62)
	at sun.reflect.DelegatingMethodAccessorImpl.invoke(DelegatingMethodAccessorImpl.java:43)
	at java.lang.reflect.Method.invoke(Method.java:498)
	at org.codehaus.groovy.reflection.CachedMethod.invoke(CachedMethod.java:90)
	at groovy.lang.MetaMethod.doMethodInvoke(MetaMethod.java:324)
	at groovy.lang.MetaClassImpl.invokeMethod(MetaClassImpl.java:1207)
	at groovy.lang.ExpandoMetaClass.invokeMethod(ExpandoMetaClass.java:1110)
	at groovy.lang.MetaClassImpl.invokeMethod(MetaClassImpl.java:1016)
	at groovy.lang.Closure.call(Closure.java:423)
	at groovy.lang.Closure.call(Closure.java:417)
	at com.codahale.metrics.Timer.time(Timer.java:99)
	at com.codahale.metrics.Timer$time$0.call(Unknown Source)
	at org.codehaus.groovy.runtime.callsite.CallSiteArray.defaultCall(CallSiteArray.java:45)
	at com.codahale.metrics.Timer$time$0.call(Unknown Source)
	at MetricswebGrailsPlugin$_addDynamicMetricMethods_closure26.doCall(MetricswebGrailsPlugin.groovy:190)
	at sun.reflect.GeneratedMethodAccessor343.invoke(Unknown Source)
	at sun.reflect.DelegatingMethodAccessorImpl.invoke(DelegatingMethodAccessorImpl.java:43)
	at java.lang.reflect.Method.invoke(Method.java:498)
	at org.codehaus.groovy.reflection.CachedMethod.invoke(CachedMethod.java:90)
	at groovy.lang.MetaMethod.doMethodInvoke(MetaMethod.java:324)
	at groovy.lang.MetaClassImpl.invokeMethod(MetaClassImpl.java:1207)
	at groovy.lang.ExpandoMetaClass.invokeMethod(ExpandoMetaClass.java:1110)
	at groovy.lang.MetaClassImpl.invokeMethod(MetaClassImpl.java:1016)
	at groovy.lang.Closure.call(Closure.java:423)
	at org.codehaus.groovy.runtime.metaclass.ClosureStaticMetaMethod.invoke(ClosureStaticMetaMethod.java:59)
	at groovy.lang.MetaMethod.doMethodInvoke(MetaMethod.java:324)
	at org.codehaus.groovy.runtime.callsite.PogoMetaMethodSite$PogoMetaMethodSiteNoUnwrap.invoke(PogoMetaMethodSite.java:230)
	at org.codehaus.groovy.runtime.callsite.PogoMetaMethodSite.call(PogoMetaMethodSite.java:68)
	at org.codehaus.groovy.runtime.callsite.AbstractCallSite.call(AbstractCallSite.java:124)
	at org.codehaus.groovy.runtime.callsite.AbstractCallSite.callSafe(AbstractCallSite.java:96)
	at rundeck.services.NodeService.loadNodes(NodeService.groovy:260)
	at sun.reflect.NativeMethodAccessorImpl.invoke0(Native Method)
	at sun.reflect.NativeMethodAccessorImpl.invoke(NativeMethodAccessorImpl.java:62)
	at sun.reflect.DelegatingMethodAccessorImpl.invoke(DelegatingMethodAccessorImpl.java:43)
	at java.lang.reflect.Method.invoke(Method.java:498)
	at org.codehaus.groovy.reflection.CachedMethod.invoke(CachedMethod.java:90)
	at groovy.lang.MetaMethod.doMethodInvoke(MetaMethod.java:324)
	at groovy.lang.MetaClassImpl.invokeMethod(MetaClassImpl.java:1207)
	at groovy.lang.ExpandoMetaClass.invokeMethod(ExpandoMetaClass.java:1110)
	at org.codehaus.groovy.runtime.ScriptBytecodeAdapter.invokeMethodOnCurrentN(ScriptBytecodeAdapter.java:80)
	at rundeck.services.NodeService.this$dist$invoke$1(NodeService.groovy)
	at rundeck.services.NodeService$2.methodMissing(NodeService.groovy)
	at sun.reflect.NativeMethodAccessorImpl.invoke0(Native Method)
	at sun.reflect.NativeMethodAccessorImpl.invoke(NativeMethodAccessorImpl.java:62)
	at sun.reflect.DelegatingMethodAccessorImpl.invoke(DelegatingMethodAccessorImpl.java:43)
	at java.lang.reflect.Method.invoke(Method.java:498)
	at org.codehaus.groovy.reflection.CachedMethod.invoke(CachedMethod.java:90)
	at groovy.lang.MetaClassImpl.invokeMissingMethod(MetaClassImpl.java:933)
	at groovy.lang.MetaClassImpl.invokePropertyOrMissing(MetaClassImpl.java:1256)
	at groovy.lang.MetaClassImpl.invokeMethod(MetaClassImpl.java:1209)
	at groovy.lang.ExpandoMetaClass.invokeMethod(ExpandoMetaClass.java:1110)
	at groovy.lang.MetaClassImpl.invokeMethod(MetaClassImpl.java:1016)
	at groovy.lang.MetaClassImpl.invokeMethod(MetaClassImpl.java:807)
	at rundeck.services.NodeService$2.invokeMethod(NodeService.groovy)
	at groovy.lang.MetaClassImpl.invokeMethodOnGroovyObject(MetaClassImpl.java:1272)
	at groovy.lang.MetaClassImpl.invokeMethod(MetaClassImpl.java:1166)
	at groovy.lang.ExpandoMetaClass.invokeMethod(ExpandoMetaClass.java:1110)
	at groovy.lang.MetaClassImpl.invokeMethod(MetaClassImpl.java:1016)
	at org.codehaus.groovy.runtime.callsite.PogoMetaClassSite.callCurrent(PogoMetaClassSite.java:66)
	at org.codehaus.groovy.runtime.callsite.AbstractCallSite.callCurrent(AbstractCallSite.java:145)
	at rundeck.services.NodeService$_2_reload_closure1.doCall(NodeService.groovy:112)
	at rundeck.services.NodeService$_2_reload_closure1.doCall(NodeService.groovy)
	at sun.reflect.NativeMethodAccessorImpl.invoke0(Native Method)
	at sun.reflect.NativeMethodAccessorImpl.invoke(NativeMethodAccessorImpl.java:62)
	at sun.reflect.DelegatingMethodAccessorImpl.invoke(DelegatingMethodAccessorImpl.java:43)
	at java.lang.reflect.Method.invoke(Method.java:498)
	at org.codehaus.groovy.reflection.CachedMethod.invoke(CachedMethod.java:90)
	at groovy.lang.MetaMethod.doMethodInvoke(MetaMethod.java:324)
	at groovy.lang.MetaClassImpl.invokeMethod(MetaClassImpl.java:1207)
	at groovy.lang.ExpandoMetaClass.invokeMethod(ExpandoMetaClass.java:1110)
	at groovy.lang.MetaClassImpl.invokeMethod(MetaClassImpl.java:1016)
	at groovy.lang.Closure.call(Closure.java:423)
	at groovy.lang.Closure.call(Closure.java:417)
	at java.util.concurrent.FutureTask.run(FutureTask.java:266)
	at org.springframework.core.task.SimpleAsyncTaskExecutor$ConcurrencyThrottlingRunnable.run(SimpleAsyncTaskExecutor.java:251)
	at java.lang.Thread.run(Thread.java:745)
Caused by: java.io.IOException: Is a directory
	at sun.nio.ch.FileDispatcherImpl.read0(Native Method)
	at sun.nio.ch.FileDispatcherImpl.read(FileDispatcherImpl.java:46)
	at sun.nio.ch.IOUtil.readIntoNativeBuffer(IOUtil.java:223)
	at sun.nio.ch.IOUtil.read(IOUtil.java:197)
	at sun.nio.ch.FileChannelImpl.read(FileChannelImpl.java:159)
	at sun.nio.ch.ChannelInputStream.read(ChannelInputStream.java:65)
	at sun.nio.ch.ChannelInputStream.read(ChannelInputStream.java:109)
	at sun.nio.ch.ChannelInputStream.read(ChannelInputStream.java:103)
	at java.nio.file.Files.read(Files.java:3105)
	at java.nio.file.Files.readAllBytes(Files.java:3158)
	at com.batix.rundeck.plugins.AnsibleResourceModelSource.buildAnsibleRunner(AnsibleResourceModelSource.java:142)
	... 87 more
2017-06-11 10:10:10,723 [NodeService-SourceLoader4] WARN  com.dtolabs.rundeck.core.resources.LoggingResourceModelSourceCache - [ResourceModelSource: 2.source (Ansible Resource Model Source), project: AnsibleProject] Returning cached model data
2017-06-11 10:15:57,762 [NodeService-SourceLoader5] ERROR com.dtolabs.rundeck.core.resources.ExceptionCatchingResourceModelSource - [ResourceModelSource: 2.source (Ansible Resource Model Source), project: AnsibleProject] 
com.dtolabs.rundeck.core.resources.ResourceModelSourceException: Could not read privatekey file /Users/mgn/.ssh
	at com.batix.rundeck.plugins.AnsibleResourceModelSource.buildAnsibleRunner(AnsibleResourceModelSource.java:144)
	at com.batix.rundeck.plugins.AnsibleResourceModelSource.getNodes(AnsibleResourceModelSource.java:208)
	at com.dtolabs.rundeck.core.resources.ExceptionCatchingResourceModelSource.getNodes(ExceptionCatchingResourceModelSource.java:57)
	at com.dtolabs.rundeck.core.common.ProjectNodeSupport.getNodeSet(ProjectNodeSupport.java:108)
	at com.dtolabs.rundeck.core.common.ProjectNodeSupport$ProjectNodesSource.getNodes(ProjectNodeSupport.java:308)
	at com.dtolabs.rundeck.core.resources.ExceptionCatchingResourceModelSource.getNodes(ExceptionCatchingResourceModelSource.java:57)
	at com.dtolabs.rundeck.core.resources.ResourceModelSource$getNodes.call(Unknown Source)
	at rundeck.services.nodes.CachedProjectNodes.reloadNodeSet(CachedProjectNodes.groovy:42)
	at rundeck.services.nodes.CachedProjectNodes$reloadNodeSet.call(Unknown Source)
	at rundeck.services.NodeService$_loadNodes_closure3.doCall(NodeService.groovy:248)
	at rundeck.services.NodeService$_loadNodes_closure3.doCall(NodeService.groovy)
	at sun.reflect.NativeMethodAccessorImpl.invoke0(Native Method)
	at sun.reflect.NativeMethodAccessorImpl.invoke(NativeMethodAccessorImpl.java:62)
	at sun.reflect.DelegatingMethodAccessorImpl.invoke(DelegatingMethodAccessorImpl.java:43)
	at java.lang.reflect.Method.invoke(Method.java:498)
	at org.codehaus.groovy.reflection.CachedMethod.invoke(CachedMethod.java:90)
	at groovy.lang.MetaMethod.doMethodInvoke(MetaMethod.java:324)
	at groovy.lang.MetaClassImpl.invokeMethod(MetaClassImpl.java:1207)
	at groovy.lang.ExpandoMetaClass.invokeMethod(ExpandoMetaClass.java:1110)
	at groovy.lang.MetaClassImpl.invokeMethod(MetaClassImpl.java:1016)
	at groovy.lang.Closure.call(Closure.java:423)
	at groovy.lang.Closure.call(Closure.java:417)
	at com.codahale.metrics.Timer.time(Timer.java:99)
	at com.codahale.metrics.Timer$time$0.call(Unknown Source)
	at org.codehaus.groovy.runtime.callsite.CallSiteArray.defaultCall(CallSiteArray.java:45)
	at com.codahale.metrics.Timer$time$0.call(Unknown Source)
	at MetricswebGrailsPlugin$_addDynamicMetricMethods_closure26.doCall(MetricswebGrailsPlugin.groovy:190)
	at sun.reflect.GeneratedMethodAccessor343.invoke(Unknown Source)
	at sun.reflect.DelegatingMethodAccessorImpl.invoke(DelegatingMethodAccessorImpl.java:43)
	at java.lang.reflect.Method.invoke(Method.java:498)
	at org.codehaus.groovy.reflection.CachedMethod.invoke(CachedMethod.java:90)
	at groovy.lang.MetaMethod.doMethodInvoke(MetaMethod.java:324)
	at groovy.lang.MetaClassImpl.invokeMethod(MetaClassImpl.java:1207)
	at groovy.lang.ExpandoMetaClass.invokeMethod(ExpandoMetaClass.java:1110)
	at groovy.lang.MetaClassImpl.invokeMethod(MetaClassImpl.java:1016)
	at groovy.lang.Closure.call(Closure.java:423)
	at org.codehaus.groovy.runtime.metaclass.ClosureStaticMetaMethod.invoke(ClosureStaticMetaMethod.java:59)
	at groovy.lang.MetaMethod.doMethodInvoke(MetaMethod.java:324)
	at org.codehaus.groovy.runtime.callsite.PogoMetaMethodSite$PogoMetaMethodSiteNoUnwrap.invoke(PogoMetaMethodSite.java:230)
	at org.codehaus.groovy.runtime.callsite.PogoMetaMethodSite.call(PogoMetaMethodSite.java:68)
	at org.codehaus.groovy.runtime.callsite.AbstractCallSite.call(AbstractCallSite.java:124)
	at org.codehaus.groovy.runtime.callsite.AbstractCallSite.callSafe(AbstractCallSite.java:96)
	at rundeck.services.NodeService.loadNodes(NodeService.groovy:260)
	at sun.reflect.NativeMethodAccessorImpl.invoke0(Native Method)
	at sun.reflect.NativeMethodAccessorImpl.invoke(NativeMethodAccessorImpl.java:62)
	at sun.reflect.DelegatingMethodAccessorImpl.invoke(DelegatingMethodAccessorImpl.java:43)
	at java.lang.reflect.Method.invoke(Method.java:498)
	at org.codehaus.groovy.reflection.CachedMethod.invoke(CachedMethod.java:90)
	at groovy.lang.MetaMethod.doMethodInvoke(MetaMethod.java:324)
	at groovy.lang.MetaClassImpl.invokeMethod(MetaClassImpl.java:1207)
	at groovy.lang.ExpandoMetaClass.invokeMethod(ExpandoMetaClass.java:1110)
	at org.codehaus.groovy.runtime.ScriptBytecodeAdapter.invokeMethodOnCurrentN(ScriptBytecodeAdapter.java:80)
	at rundeck.services.NodeService.this$dist$invoke$1(NodeService.groovy)
	at rundeck.services.NodeService$2.methodMissing(NodeService.groovy)
	at sun.reflect.NativeMethodAccessorImpl.invoke0(Native Method)
	at sun.reflect.NativeMethodAccessorImpl.invoke(NativeMethodAccessorImpl.java:62)
	at sun.reflect.DelegatingMethodAccessorImpl.invoke(DelegatingMethodAccessorImpl.java:43)
	at java.lang.reflect.Method.invoke(Method.java:498)
	at org.codehaus.groovy.reflection.CachedMethod.invoke(CachedMethod.java:90)
	at groovy.lang.MetaClassImpl.invokeMissingMethod(MetaClassImpl.java:933)
	at groovy.lang.MetaClassImpl.invokePropertyOrMissing(MetaClassImpl.java:1256)
	at groovy.lang.MetaClassImpl.invokeMethod(MetaClassImpl.java:1209)
	at groovy.lang.ExpandoMetaClass.invokeMethod(ExpandoMetaClass.java:1110)
	at groovy.lang.MetaClassImpl.invokeMethod(MetaClassImpl.java:1016)
	at groovy.lang.MetaClassImpl.invokeMethod(MetaClassImpl.java:807)
	at rundeck.services.NodeService$2.invokeMethod(NodeService.groovy)
	at groovy.lang.MetaClassImpl.invokeMethodOnGroovyObject(MetaClassImpl.java:1272)
	at groovy.lang.MetaClassImpl.invokeMethod(MetaClassImpl.java:1166)
	at groovy.lang.ExpandoMetaClass.invokeMethod(ExpandoMetaClass.java:1110)
	at groovy.lang.MetaClassImpl.invokeMethod(MetaClassImpl.java:1016)
	at org.codehaus.groovy.runtime.callsite.PogoMetaClassSite.callCurrent(PogoMetaClassSite.java:66)
	at org.codehaus.groovy.runtime.callsite.AbstractCallSite.callCurrent(AbstractCallSite.java:145)
	at rundeck.services.NodeService$_2_reload_closure1.doCall(NodeService.groovy:112)
	at rundeck.services.NodeService$_2_reload_closure1.doCall(NodeService.groovy)
	at sun.reflect.NativeMethodAccessorImpl.invoke0(Native Method)
	at sun.reflect.NativeMethodAccessorImpl.invoke(NativeMethodAccessorImpl.java:62)
	at sun.reflect.DelegatingMethodAccessorImpl.invoke(DelegatingMethodAccessorImpl.java:43)
	at java.lang.reflect.Method.invoke(Method.java:498)
	at org.codehaus.groovy.reflection.CachedMethod.invoke(CachedMethod.java:90)
	at groovy.lang.MetaMethod.doMethodInvoke(MetaMethod.java:324)
	at groovy.lang.MetaClassImpl.invokeMethod(MetaClassImpl.java:1207)
	at groovy.lang.ExpandoMetaClass.invokeMethod(ExpandoMetaClass.java:1110)
	at groovy.lang.MetaClassImpl.invokeMethod(MetaClassImpl.java:1016)
	at groovy.lang.Closure.call(Closure.java:423)
	at groovy.lang.Closure.call(Closure.java:417)
	at java.util.concurrent.FutureTask.run(FutureTask.java:266)
	at org.springframework.core.task.SimpleAsyncTaskExecutor$ConcurrencyThrottlingRunnable.run(SimpleAsyncTaskExecutor.java:251)
	at java.lang.Thread.run(Thread.java:745)
Caused by: java.io.IOException: Is a directory
	at sun.nio.ch.FileDispatcherImpl.read0(Native Method)
	at sun.nio.ch.FileDispatcherImpl.read(FileDispatcherImpl.java:46)
	at sun.nio.ch.IOUtil.readIntoNativeBuffer(IOUtil.java:223)
	at sun.nio.ch.IOUtil.read(IOUtil.java:197)
	at sun.nio.ch.FileChannelImpl.read(FileChannelImpl.java:159)
	at sun.nio.ch.ChannelInputStream.read(ChannelInputStream.java:65)
	at sun.nio.ch.ChannelInputStream.read(ChannelInputStream.java:109)
	at sun.nio.ch.ChannelInputStream.read(ChannelInputStream.java:103)
	at java.nio.file.Files.read(Files.java:3105)
	at java.nio.file.Files.readAllBytes(Files.java:3158)
	at com.batix.rundeck.plugins.AnsibleResourceModelSource.buildAnsibleRunner(AnsibleResourceModelSource.java:142)
	... 87 more
2017-06-11 10:15:57,763 [NodeService-SourceLoader5] WARN  com.dtolabs.rundeck.core.resources.LoggingResourceModelSourceCache - [ResourceModelSource: 2.source (Ansible Resource Model Source), project: AnsibleProject] Returning cached model data
2017-06-11 10:24:20,102 [NodeService-SourceLoader6] ERROR com.dtolabs.rundeck.core.resources.ExceptionCatchingResourceModelSource - [ResourceModelSource: 2.source (Ansible Resource Model Source), project: AnsibleProject] 
com.dtolabs.rundeck.core.resources.ResourceModelSourceException: Could not read privatekey file /Users/mgn/.ssh
	at com.batix.rundeck.plugins.AnsibleResourceModelSource.buildAnsibleRunner(AnsibleResourceModelSource.java:144)
	at com.batix.rundeck.plugins.AnsibleResourceModelSource.getNodes(AnsibleResourceModelSource.java:208)
	at com.dtolabs.rundeck.core.resources.ExceptionCatchingResourceModelSource.getNodes(ExceptionCatchingResourceModelSource.java:57)
	at com.dtolabs.rundeck.core.common.ProjectNodeSupport.getNodeSet(ProjectNodeSupport.java:108)
	at com.dtolabs.rundeck.core.common.ProjectNodeSupport$ProjectNodesSource.getNodes(ProjectNodeSupport.java:308)
	at com.dtolabs.rundeck.core.resources.ExceptionCatchingResourceModelSource.getNodes(ExceptionCatchingResourceModelSource.java:57)
	at com.dtolabs.rundeck.core.resources.ResourceModelSource$getNodes.call(Unknown Source)
	at rundeck.services.nodes.CachedProjectNodes.reloadNodeSet(CachedProjectNodes.groovy:42)
	at rundeck.services.nodes.CachedProjectNodes$reloadNodeSet.call(Unknown Source)
	at rundeck.services.NodeService$_loadNodes_closure3.doCall(NodeService.groovy:248)
	at rundeck.services.NodeService$_loadNodes_closure3.doCall(NodeService.groovy)
	at sun.reflect.NativeMethodAccessorImpl.invoke0(Native Method)
	at sun.reflect.NativeMethodAccessorImpl.invoke(NativeMethodAccessorImpl.java:62)
	at sun.reflect.DelegatingMethodAccessorImpl.invoke(DelegatingMethodAccessorImpl.java:43)
	at java.lang.reflect.Method.invoke(Method.java:498)
	at org.codehaus.groovy.reflection.CachedMethod.invoke(CachedMethod.java:90)
	at groovy.lang.MetaMethod.doMethodInvoke(MetaMethod.java:324)
	at groovy.lang.MetaClassImpl.invokeMethod(MetaClassImpl.java:1207)
	at groovy.lang.ExpandoMetaClass.invokeMethod(ExpandoMetaClass.java:1110)
	at groovy.lang.MetaClassImpl.invokeMethod(MetaClassImpl.java:1016)
	at groovy.lang.Closure.call(Closure.java:423)
	at groovy.lang.Closure.call(Closure.java:417)
	at com.codahale.metrics.Timer.time(Timer.java:99)
	at com.codahale.metrics.Timer$time$0.call(Unknown Source)
	at org.codehaus.groovy.runtime.callsite.CallSiteArray.defaultCall(CallSiteArray.java:45)
	at com.codahale.metrics.Timer$time$0.call(Unknown Source)
	at MetricswebGrailsPlugin$_addDynamicMetricMethods_closure26.doCall(MetricswebGrailsPlugin.groovy:190)
	at sun.reflect.GeneratedMethodAccessor343.invoke(Unknown Source)
	at sun.reflect.DelegatingMethodAccessorImpl.invoke(DelegatingMethodAccessorImpl.java:43)
	at java.lang.reflect.Method.invoke(Method.java:498)
	at org.codehaus.groovy.reflection.CachedMethod.invoke(CachedMethod.java:90)
	at groovy.lang.MetaMethod.doMethodInvoke(MetaMethod.java:324)
	at groovy.lang.MetaClassImpl.invokeMethod(MetaClassImpl.java:1207)
	at groovy.lang.ExpandoMetaClass.invokeMethod(ExpandoMetaClass.java:1110)
	at groovy.lang.MetaClassImpl.invokeMethod(MetaClassImpl.java:1016)
	at groovy.lang.Closure.call(Closure.java:423)
	at org.codehaus.groovy.runtime.metaclass.ClosureStaticMetaMethod.invoke(ClosureStaticMetaMethod.java:59)
	at groovy.lang.MetaMethod.doMethodInvoke(MetaMethod.java:324)
	at org.codehaus.groovy.runtime.callsite.PogoMetaMethodSite$PogoMetaMethodSiteNoUnwrap.invoke(PogoMetaMethodSite.java:230)
	at org.codehaus.groovy.runtime.callsite.PogoMetaMethodSite.call(PogoMetaMethodSite.java:68)
	at org.codehaus.groovy.runtime.callsite.AbstractCallSite.call(AbstractCallSite.java:124)
	at org.codehaus.groovy.runtime.callsite.AbstractCallSite.callSafe(AbstractCallSite.java:96)
	at rundeck.services.NodeService.loadNodes(NodeService.groovy:260)
	at sun.reflect.NativeMethodAccessorImpl.invoke0(Native Method)
	at sun.reflect.NativeMethodAccessorImpl.invoke(NativeMethodAccessorImpl.java:62)
	at sun.reflect.DelegatingMethodAccessorImpl.invoke(DelegatingMethodAccessorImpl.java:43)
	at java.lang.reflect.Method.invoke(Method.java:498)
	at org.codehaus.groovy.reflection.CachedMethod.invoke(CachedMethod.java:90)
	at groovy.lang.MetaMethod.doMethodInvoke(MetaMethod.java:324)
	at groovy.lang.MetaClassImpl.invokeMethod(MetaClassImpl.java:1207)
	at groovy.lang.ExpandoMetaClass.invokeMethod(ExpandoMetaClass.java:1110)
	at org.codehaus.groovy.runtime.ScriptBytecodeAdapter.invokeMethodOnCurrentN(ScriptBytecodeAdapter.java:80)
	at rundeck.services.NodeService.this$dist$invoke$1(NodeService.groovy)
	at rundeck.services.NodeService$2.methodMissing(NodeService.groovy)
	at sun.reflect.NativeMethodAccessorImpl.invoke0(Native Method)
	at sun.reflect.NativeMethodAccessorImpl.invoke(NativeMethodAccessorImpl.java:62)
	at sun.reflect.DelegatingMethodAccessorImpl.invoke(DelegatingMethodAccessorImpl.java:43)
	at java.lang.reflect.Method.invoke(Method.java:498)
	at org.codehaus.groovy.reflection.CachedMethod.invoke(CachedMethod.java:90)
	at groovy.lang.MetaClassImpl.invokeMissingMethod(MetaClassImpl.java:933)
	at groovy.lang.MetaClassImpl.invokePropertyOrMissing(MetaClassImpl.java:1256)
	at groovy.lang.MetaClassImpl.invokeMethod(MetaClassImpl.java:1209)
	at groovy.lang.ExpandoMetaClass.invokeMethod(ExpandoMetaClass.java:1110)
	at groovy.lang.MetaClassImpl.invokeMethod(MetaClassImpl.java:1016)
	at groovy.lang.MetaClassImpl.invokeMethod(MetaClassImpl.java:807)
	at rundeck.services.NodeService$2.invokeMethod(NodeService.groovy)
	at groovy.lang.MetaClassImpl.invokeMethodOnGroovyObject(MetaClassImpl.java:1272)
	at groovy.lang.MetaClassImpl.invokeMethod(MetaClassImpl.java:1166)
	at groovy.lang.ExpandoMetaClass.invokeMethod(ExpandoMetaClass.java:1110)
	at groovy.lang.MetaClassImpl.invokeMethod(MetaClassImpl.java:1016)
	at org.codehaus.groovy.runtime.callsite.PogoMetaClassSite.callCurrent(PogoMetaClassSite.java:66)
	at org.codehaus.groovy.runtime.callsite.AbstractCallSite.callCurrent(AbstractCallSite.java:145)
	at rundeck.services.NodeService$_2_reload_closure1.doCall(NodeService.groovy:112)
	at rundeck.services.NodeService$_2_reload_closure1.doCall(NodeService.groovy)
	at sun.reflect.NativeMethodAccessorImpl.invoke0(Native Method)
	at sun.reflect.NativeMethodAccessorImpl.invoke(NativeMethodAccessorImpl.java:62)
	at sun.reflect.DelegatingMethodAccessorImpl.invoke(DelegatingMethodAccessorImpl.java:43)
	at java.lang.reflect.Method.invoke(Method.java:498)
	at org.codehaus.groovy.reflection.CachedMethod.invoke(CachedMethod.java:90)
	at groovy.lang.MetaMethod.doMethodInvoke(MetaMethod.java:324)
	at groovy.lang.MetaClassImpl.invokeMethod(MetaClassImpl.java:1207)
	at groovy.lang.ExpandoMetaClass.invokeMethod(ExpandoMetaClass.java:1110)
	at groovy.lang.MetaClassImpl.invokeMethod(MetaClassImpl.java:1016)
	at groovy.lang.Closure.call(Closure.java:423)
	at groovy.lang.Closure.call(Closure.java:417)
	at java.util.concurrent.FutureTask.run(FutureTask.java:266)
	at org.springframework.core.task.SimpleAsyncTaskExecutor$ConcurrencyThrottlingRunnable.run(SimpleAsyncTaskExecutor.java:251)
	at java.lang.Thread.run(Thread.java:745)
Caused by: java.io.IOException: Is a directory
	at sun.nio.ch.FileDispatcherImpl.read0(Native Method)
	at sun.nio.ch.FileDispatcherImpl.read(FileDispatcherImpl.java:46)
	at sun.nio.ch.IOUtil.readIntoNativeBuffer(IOUtil.java:223)
	at sun.nio.ch.IOUtil.read(IOUtil.java:197)
	at sun.nio.ch.FileChannelImpl.read(FileChannelImpl.java:159)
	at sun.nio.ch.ChannelInputStream.read(ChannelInputStream.java:65)
	at sun.nio.ch.ChannelInputStream.read(ChannelInputStream.java:109)
	at sun.nio.ch.ChannelInputStream.read(ChannelInputStream.java:103)
	at java.nio.file.Files.read(Files.java:3105)
	at java.nio.file.Files.readAllBytes(Files.java:3158)
	at com.batix.rundeck.plugins.AnsibleResourceModelSource.buildAnsibleRunner(AnsibleResourceModelSource.java:142)
	... 87 more
2017-06-11 10:24:20,104 [NodeService-SourceLoader6] WARN  com.dtolabs.rundeck.core.resources.LoggingResourceModelSourceCache - [ResourceModelSource: 2.source (Ansible Resource Model Source), project: AnsibleProject] Returning cached model data
2017-06-11 10:26:21,162 [NodeService-SourceLoader7] ERROR com.dtolabs.rundeck.core.resources.ExceptionCatchingResourceModelSource - [ResourceModelSource: 2.source (Ansible Resource Model Source), project: AnsibleProject] 
com.dtolabs.rundeck.core.resources.ResourceModelSourceException: Could not read privatekey file /Users/mgn/.ssh
	at com.batix.rundeck.plugins.AnsibleResourceModelSource.buildAnsibleRunner(AnsibleResourceModelSource.java:144)
	at com.batix.rundeck.plugins.AnsibleResourceModelSource.getNodes(AnsibleResourceModelSource.java:208)
	at com.dtolabs.rundeck.core.resources.ExceptionCatchingResourceModelSource.getNodes(ExceptionCatchingResourceModelSource.java:57)
	at com.dtolabs.rundeck.core.common.ProjectNodeSupport.getNodeSet(ProjectNodeSupport.java:108)
	at com.dtolabs.rundeck.core.common.ProjectNodeSupport$ProjectNodesSource.getNodes(ProjectNodeSupport.java:308)
	at com.dtolabs.rundeck.core.resources.ExceptionCatchingResourceModelSource.getNodes(ExceptionCatchingResourceModelSource.java:57)
	at com.dtolabs.rundeck.core.resources.ResourceModelSource$getNodes.call(Unknown Source)
	at rundeck.services.nodes.CachedProjectNodes.reloadNodeSet(CachedProjectNodes.groovy:42)
	at rundeck.services.nodes.CachedProjectNodes$reloadNodeSet.call(Unknown Source)
	at rundeck.services.NodeService$_loadNodes_closure3.doCall(NodeService.groovy:248)
	at rundeck.services.NodeService$_loadNodes_closure3.doCall(NodeService.groovy)
	at sun.reflect.NativeMethodAccessorImpl.invoke0(Native Method)
	at sun.reflect.NativeMethodAccessorImpl.invoke(NativeMethodAccessorImpl.java:62)
	at sun.reflect.DelegatingMethodAccessorImpl.invoke(DelegatingMethodAccessorImpl.java:43)
	at java.lang.reflect.Method.invoke(Method.java:498)
	at org.codehaus.groovy.reflection.CachedMethod.invoke(CachedMethod.java:90)
	at groovy.lang.MetaMethod.doMethodInvoke(MetaMethod.java:324)
	at groovy.lang.MetaClassImpl.invokeMethod(MetaClassImpl.java:1207)
	at groovy.lang.ExpandoMetaClass.invokeMethod(ExpandoMetaClass.java:1110)
	at groovy.lang.MetaClassImpl.invokeMethod(MetaClassImpl.java:1016)
	at groovy.lang.Closure.call(Closure.java:423)
	at groovy.lang.Closure.call(Closure.java:417)
	at com.codahale.metrics.Timer.time(Timer.java:99)
	at com.codahale.metrics.Timer$time$0.call(Unknown Source)
	at org.codehaus.groovy.runtime.callsite.CallSiteArray.defaultCall(CallSiteArray.java:45)
	at com.codahale.metrics.Timer$time$0.call(Unknown Source)
	at MetricswebGrailsPlugin$_addDynamicMetricMethods_closure26.doCall(MetricswebGrailsPlugin.groovy:190)
	at sun.reflect.GeneratedMethodAccessor343.invoke(Unknown Source)
	at sun.reflect.DelegatingMethodAccessorImpl.invoke(DelegatingMethodAccessorImpl.java:43)
	at java.lang.reflect.Method.invoke(Method.java:498)
	at org.codehaus.groovy.reflection.CachedMethod.invoke(CachedMethod.java:90)
	at groovy.lang.MetaMethod.doMethodInvoke(MetaMethod.java:324)
	at groovy.lang.MetaClassImpl.invokeMethod(MetaClassImpl.java:1207)
	at groovy.lang.ExpandoMetaClass.invokeMethod(ExpandoMetaClass.java:1110)
	at groovy.lang.MetaClassImpl.invokeMethod(MetaClassImpl.java:1016)
	at groovy.lang.Closure.call(Closure.java:423)
	at org.codehaus.groovy.runtime.metaclass.ClosureStaticMetaMethod.invoke(ClosureStaticMetaMethod.java:59)
	at groovy.lang.MetaMethod.doMethodInvoke(MetaMethod.java:324)
	at org.codehaus.groovy.runtime.callsite.PogoMetaMethodSite$PogoMetaMethodSiteNoUnwrap.invoke(PogoMetaMethodSite.java:230)
	at org.codehaus.groovy.runtime.callsite.PogoMetaMethodSite.call(PogoMetaMethodSite.java:68)
	at org.codehaus.groovy.runtime.callsite.AbstractCallSite.call(AbstractCallSite.java:124)
	at org.codehaus.groovy.runtime.callsite.AbstractCallSite.callSafe(AbstractCallSite.java:96)
	at rundeck.services.NodeService.loadNodes(NodeService.groovy:260)
	at sun.reflect.NativeMethodAccessorImpl.invoke0(Native Method)
	at sun.reflect.NativeMethodAccessorImpl.invoke(NativeMethodAccessorImpl.java:62)
	at sun.reflect.DelegatingMethodAccessorImpl.invoke(DelegatingMethodAccessorImpl.java:43)
	at java.lang.reflect.Method.invoke(Method.java:498)
	at org.codehaus.groovy.reflection.CachedMethod.invoke(CachedMethod.java:90)
	at groovy.lang.MetaMethod.doMethodInvoke(MetaMethod.java:324)
	at groovy.lang.MetaClassImpl.invokeMethod(MetaClassImpl.java:1207)
	at groovy.lang.ExpandoMetaClass.invokeMethod(ExpandoMetaClass.java:1110)
	at org.codehaus.groovy.runtime.ScriptBytecodeAdapter.invokeMethodOnCurrentN(ScriptBytecodeAdapter.java:80)
	at rundeck.services.NodeService.this$dist$invoke$1(NodeService.groovy)
	at rundeck.services.NodeService$2.methodMissing(NodeService.groovy)
	at sun.reflect.NativeMethodAccessorImpl.invoke0(Native Method)
	at sun.reflect.NativeMethodAccessorImpl.invoke(NativeMethodAccessorImpl.java:62)
	at sun.reflect.DelegatingMethodAccessorImpl.invoke(DelegatingMethodAccessorImpl.java:43)
	at java.lang.reflect.Method.invoke(Method.java:498)
	at org.codehaus.groovy.reflection.CachedMethod.invoke(CachedMethod.java:90)
	at groovy.lang.MetaClassImpl.invokeMissingMethod(MetaClassImpl.java:933)
	at groovy.lang.MetaClassImpl.invokePropertyOrMissing(MetaClassImpl.java:1256)
	at groovy.lang.MetaClassImpl.invokeMethod(MetaClassImpl.java:1209)
	at groovy.lang.ExpandoMetaClass.invokeMethod(ExpandoMetaClass.java:1110)
	at groovy.lang.MetaClassImpl.invokeMethod(MetaClassImpl.java:1016)
	at groovy.lang.MetaClassImpl.invokeMethod(MetaClassImpl.java:807)
	at rundeck.services.NodeService$2.invokeMethod(NodeService.groovy)
	at groovy.lang.MetaClassImpl.invokeMethodOnGroovyObject(MetaClassImpl.java:1272)
	at groovy.lang.MetaClassImpl.invokeMethod(MetaClassImpl.java:1166)
	at groovy.lang.ExpandoMetaClass.invokeMethod(ExpandoMetaClass.java:1110)
	at groovy.lang.MetaClassImpl.invokeMethod(MetaClassImpl.java:1016)
	at org.codehaus.groovy.runtime.callsite.PogoMetaClassSite.callCurrent(PogoMetaClassSite.java:66)
	at org.codehaus.groovy.runtime.callsite.AbstractCallSite.callCurrent(AbstractCallSite.java:145)
	at rundeck.services.NodeService$_2_reload_closure1.doCall(NodeService.groovy:112)
	at rundeck.services.NodeService$_2_reload_closure1.doCall(NodeService.groovy)
	at sun.reflect.NativeMethodAccessorImpl.invoke0(Native Method)
	at sun.reflect.NativeMethodAccessorImpl.invoke(NativeMethodAccessorImpl.java:62)
	at sun.reflect.DelegatingMethodAccessorImpl.invoke(DelegatingMethodAccessorImpl.java:43)
	at java.lang.reflect.Method.invoke(Method.java:498)
	at org.codehaus.groovy.reflection.CachedMethod.invoke(CachedMethod.java:90)
	at groovy.lang.MetaMethod.doMethodInvoke(MetaMethod.java:324)
	at groovy.lang.MetaClassImpl.invokeMethod(MetaClassImpl.java:1207)
	at groovy.lang.ExpandoMetaClass.invokeMethod(ExpandoMetaClass.java:1110)
	at groovy.lang.MetaClassImpl.invokeMethod(MetaClassImpl.java:1016)
	at groovy.lang.Closure.call(Closure.java:423)
	at groovy.lang.Closure.call(Closure.java:417)
	at java.util.concurrent.FutureTask.run(FutureTask.java:266)
	at org.springframework.core.task.SimpleAsyncTaskExecutor$ConcurrencyThrottlingRunnable.run(SimpleAsyncTaskExecutor.java:251)
	at java.lang.Thread.run(Thread.java:745)
Caused by: java.io.IOException: Is a directory
	at sun.nio.ch.FileDispatcherImpl.read0(Native Method)
	at sun.nio.ch.FileDispatcherImpl.read(FileDispatcherImpl.java:46)
	at sun.nio.ch.IOUtil.readIntoNativeBuffer(IOUtil.java:223)
	at sun.nio.ch.IOUtil.read(IOUtil.java:197)
	at sun.nio.ch.FileChannelImpl.read(FileChannelImpl.java:159)
	at sun.nio.ch.ChannelInputStream.read(ChannelInputStream.java:65)
	at sun.nio.ch.ChannelInputStream.read(ChannelInputStream.java:109)
	at sun.nio.ch.ChannelInputStream.read(ChannelInputStream.java:103)
	at java.nio.file.Files.read(Files.java:3105)
	at java.nio.file.Files.readAllBytes(Files.java:3158)
	at com.batix.rundeck.plugins.AnsibleResourceModelSource.buildAnsibleRunner(AnsibleResourceModelSource.java:142)
	... 87 more
2017-06-11 10:26:21,179 [NodeService-SourceLoader7] WARN  com.dtolabs.rundeck.core.resources.LoggingResourceModelSourceCache - [ResourceModelSource: 2.source (Ansible Resource Model Source), project: AnsibleProject] Returning cached model data
